<?xml version="1.0" encoding="UTF-8"?>
<!-- Generated by org.testng.reporters.JUnitReportReporter -->
<testsuite hostname="DESKTOP-7OK20NU" failures="0" tests="3" name="DBPackage.MainClass" time="0.140" errors="0" timestamp="2024-09-14T03:12:09 EET" skipped="0">
  <testcase classname="DBPackage.MainClass" name="OrderPlacementandPayment" time="0.078"/>
  <system-out/>
  <testcase classname="DBPackage.MainClass" name="ProductManagement" time="0.024"/>
  <system-out/>
  <testcase classname="DBPackage.MainClass" name="ReferentialIntegrityTest" time="0.038"/>
  <system-out/>
</testsuite> <!-- DBPackage.MainClass -->
