<?xml version="1.0" encoding="UTF-8"?>
<!-- Generated by org.testng.reporters.JUnitReportReporter -->
<testsuite hostname="DESKTOP-7OK20NU" failures="0" tests="5" name="DBPackage.MainClass" time="0.135" errors="0" timestamp="2024-09-14T19:15:16 EET" skipped="0">
  <testcase classname="DBPackage.MainClass" name="OrderPlacementandPayment" time="0.069"/>
  <system-out/>
  <testcase classname="DBPackage.MainClass" name="ProductManagement" time="0.022"/>
  <system-out/>
  <testcase classname="DBPackage.MainClass" name="ReferentialIntegrityTest" time="0.035"/>
  <system-out/>
  <testcase classname="DBPackage.MainClass" name="OrderRollback" time="0.006"/>
  <system-out/>
  <testcase classname="DBPackage.MainClass" name="PaymentAmountConsistency" time="0.003"/>
  <system-out/>
</testsuite> <!-- DBPackage.MainClass -->
