<?xml version="1.0" encoding="UTF-8"?>
<!-- Generated by org.testng.reporters.JUnitReportReporter -->
<testsuite hostname="DESKTOP-7OK20NU" failures="0" tests="1" name="DBPackage.MainClass" time="0.066" errors="0" timestamp="2024-09-13T00:54:56 EET" skipped="0">
  <testcase classname="DBPackage.MainClass" name="mytest" time="0.066"/>
  <system-out/>
</testsuite> <!-- DBPackage.MainClass -->
